<?xml version="1.0" encoding="UTF-8"?>
<!-- Generated by org.testng.reporters.JUnitReportReporter -->
<testsuite hostname="LAPTOP-RKHAJTRD" failures="1" tests="4" name="tests.TS_01_VerifyOpenCartLoginTests" time="63.883" errors="3" timestamp="2024-01-30T17:29:16 IST" skipped="0">
  <testcase classname="tests.TS_01_VerifyOpenCartLoginTests" name="teardownAfterTestSuite" time="21.552">
    <failure message="The following asserts failed:
	expected [Your Store] but found [ParentPortal],
	expected [Your Store] but found [ParentPortal]" type="java.lang.AssertionError">
      <![CDATA[java.lang.AssertionError: The following asserts failed:
expected [Your Store] but found [ParentPortal],
expected [Your Store] but found [ParentPortal]
at org.testng.asserts.SoftAssert.assertAll(SoftAssert.java:46)
at org.testng.asserts.SoftAssert.assertAll(SoftAssert.java:30)
at tests.TestBase.teardownAfterTestSuite(TestBase.java:70)
at java.base/jdk.internal.reflect.NativeMethodAccessorImpl.invoke0(Native Method)
at java.base/jdk.internal.reflect.NativeMethodAccessorImpl.invoke(NativeMethodAccessorImpl.java:77)
at java.base/jdk.internal.reflect.DelegatingMethodAccessorImpl.invoke(DelegatingMethodAccessorImpl.java:43)
at java.base/java.lang.reflect.Method.invoke(Method.java:568)
at org.testng.internal.invokers.MethodInvocationHelper.invokeMethod(MethodInvocationHelper.java:139)
at org.testng.internal.invokers.MethodInvocationHelper.invokeMethodConsideringTimeout(MethodInvocationHelper.java:69)
at org.testng.internal.invokers.ConfigInvoker.invokeConfigurationMethod(ConfigInvoker.java:361)
at org.testng.internal.invokers.ConfigInvoker.invokeConfigurations(ConfigInvoker.java:296)
at org.testng.SuiteRunner.privateRun(SuiteRunner.java:400)
at org.testng.SuiteRunner.run(SuiteRunner.java:330)
at org.testng.SuiteRunnerWorker.runSuite(SuiteRunnerWorker.java:52)
at org.testng.SuiteRunnerWorker.run(SuiteRunnerWorker.java:95)
at org.testng.TestNG.runSuitesSequentially(TestNG.java:1256)
at org.testng.TestNG.runSuitesLocally(TestNG.java:1176)
at org.testng.TestNG.runSuites(TestNG.java:1099)
at org.testng.TestNG.run(TestNG.java:1067)
at org.testng.remote.AbstractRemoteTestNG.run(AbstractRemoteTestNG.java:115)
at org.testng.remote.RemoteTestNG.initAndRun(RemoteTestNG.java:251)
at org.testng.remote.RemoteTestNG.main(RemoteTestNG.java:77)
]]>
    </failure>
  </testcase> <!-- teardownAfterTestSuite -->
  <system-out/>
  <testcase classname="tests.TS_01_VerifyOpenCartLoginTests" name="closePage" time="4.756">
    <error message="Error {
  message=&#039;Target page, context or browser has been closed
  name=&#039;Error
  stack=&#039;Error: Target page, context or browser has been closed
    at DispatcherConnection.dispatch (C:\Users\LPINFO~1\AppData\Local\Temp\playwright-java-15817574390336619850\package\lib\server\dispatchers\dispatcher.js:300:49)
    at PipeTransport.transport.onmessage (C:\Users\LPINFO~1\AppData\Local\Temp\playwright-java-15817574390336619850\package\lib\cli\driver.js:67:57)
    at Immediate._onImmediate (C:\Users\LPINFO~1\AppData\Local\Temp\playwright-java-15817574390336619850\package\lib\protocol\transport.js:89:34)
    at processImmediate (node:internal/timers:466:21)
}" type="com.microsoft.playwright.PlaywrightException">
      <![CDATA[com.microsoft.playwright.PlaywrightException: Error {
  message='Target page, context or browser has been closed
  name='Error
  stack='Error: Target page, context or browser has been closed
    at DispatcherConnection.dispatch (C:\Users\LPINFO~1\AppData\Local\Temp\playwright-java-15817574390336619850\package\lib\server\dispatchers\dispatcher.js:300:49)
    at PipeTransport.transport.onmessage (C:\Users\LPINFO~1\AppData\Local\Temp\playwright-java-15817574390336619850\package\lib\cli\driver.js:67:57)
    at Immediate._onImmediate (C:\Users\LPINFO~1\AppData\Local\Temp\playwright-java-15817574390336619850\package\lib\protocol\transport.js:89:34)
    at processImmediate (node:internal/timers:466:21)
}
at com.microsoft.playwright.impl.WaitableResult.get(WaitableResult.java:54)
at com.microsoft.playwright.impl.ChannelOwner.runUntil(ChannelOwner.java:111)
at com.microsoft.playwright.impl.Connection.sendMessage(Connection.java:108)
at com.microsoft.playwright.impl.ChannelOwner.sendMessage(ChannelOwner.java:102)
at com.microsoft.playwright.impl.PageImpl.screenshotImpl(PageImpl.java:1061)
at com.microsoft.playwright.impl.PageImpl.lambda$screenshot$51(PageImpl.java:1000)
at com.microsoft.playwright.impl.LoggingSupport.withLogging(LoggingSupport.java:47)
at com.microsoft.playwright.impl.ChannelOwner.withLogging(ChannelOwner.java:87)
at com.microsoft.playwright.impl.PageImpl.screenshot(PageImpl.java:1000)
at base.PlaywrightFactory.takeScreenshot(PlaywrightFactory.java:162)
at tests.TestBase.closePage(TestBase.java:105)
at java.base/jdk.internal.reflect.NativeMethodAccessorImpl.invoke0(Native Method)
at java.base/jdk.internal.reflect.NativeMethodAccessorImpl.invoke(NativeMethodAccessorImpl.java:77)
at java.base/jdk.internal.reflect.DelegatingMethodAccessorImpl.invoke(DelegatingMethodAccessorImpl.java:43)
at java.base/java.lang.reflect.Method.invoke(Method.java:568)
at org.testng.internal.invokers.MethodInvocationHelper.invokeMethod(MethodInvocationHelper.java:139)
at org.testng.internal.invokers.MethodInvocationHelper.invokeMethodConsideringTimeout(MethodInvocationHelper.java:69)
at org.testng.internal.invokers.ConfigInvoker.invokeConfigurationMethod(ConfigInvoker.java:361)
at org.testng.internal.invokers.ConfigInvoker.invokeConfigurations(ConfigInvoker.java:296)
at org.testng.internal.invokers.TestInvoker.runConfigMethods(TestInvoker.java:816)
at org.testng.internal.invokers.TestInvoker.runAfterConfigurations(TestInvoker.java:785)
at org.testng.internal.invokers.TestInvoker.invokeMethod(TestInvoker.java:761)
at org.testng.internal.invokers.TestInvoker.invokeTestMethod(TestInvoker.java:221)
at org.testng.internal.invokers.MethodRunner.runInSequence(MethodRunner.java:50)
at org.testng.internal.invokers.TestInvoker$MethodInvocationAgent.invoke(TestInvoker.java:962)
at org.testng.internal.invokers.TestInvoker.invokeTestMethods(TestInvoker.java:194)
at org.testng.internal.invokers.TestMethodWorker.invokeTestMethods(TestMethodWorker.java:148)
at org.testng.internal.invokers.TestMethodWorker.run(TestMethodWorker.java:128)
at java.base/java.util.ArrayList.forEach(ArrayList.java:1511)
at org.testng.TestRunner.privateRun(TestRunner.java:806)
at org.testng.TestRunner.run(TestRunner.java:601)
at org.testng.SuiteRunner.runTest(SuiteRunner.java:433)
at org.testng.SuiteRunner.runSequentially(SuiteRunner.java:427)
at org.testng.SuiteRunner.privateRun(SuiteRunner.java:387)
at org.testng.SuiteRunner.run(SuiteRunner.java:330)
at org.testng.SuiteRunnerWorker.runSuite(SuiteRunnerWorker.java:52)
at org.testng.SuiteRunnerWorker.run(SuiteRunnerWorker.java:95)
at org.testng.TestNG.runSuitesSequentially(TestNG.java:1256)
at org.testng.TestNG.runSuitesLocally(TestNG.java:1176)
at org.testng.TestNG.runSuites(TestNG.java:1099)
at org.testng.TestNG.run(TestNG.java:1067)
at org.testng.remote.AbstractRemoteTestNG.run(AbstractRemoteTestNG.java:115)
at org.testng.remote.RemoteTestNG.initAndRun(RemoteTestNG.java:251)
at org.testng.remote.RemoteTestNG.main(RemoteTestNG.java:77)
Caused by: com.microsoft.playwright.impl.DriverException: Error {
  message='Target page, context or browser has been closed
  name='Error
  stack='Error: Target page, context or browser has been closed
    at DispatcherConnection.dispatch (C:\Users\LPINFO~1\AppData\Local\Temp\playwright-java-15817574390336619850\package\lib\server\dispatchers\dispatcher.js:300:49)
    at PipeTransport.transport.onmessage (C:\Users\LPINFO~1\AppData\Local\Temp\playwright-java-15817574390336619850\package\lib\cli\driver.js:67:57)
    at Immediate._onImmediate (C:\Users\LPINFO~1\AppData\Local\Temp\playwright-java-15817574390336619850\package\lib\protocol\transport.js:89:34)
    at processImmediate (node:internal/timers:466:21)
}
at com.microsoft.playwright.impl.Connection.dispatch(Connection.java:190)
at com.microsoft.playwright.impl.Connection.processOneMessage(Connection.java:170)
at com.microsoft.playwright.impl.ChannelOwner.runUntil(ChannelOwner.java:109)
... 42 more
]]>
    </error>
  </testcase> <!-- closePage -->
  <system-out/>
  <testcase classname="tests.TS_01_VerifyOpenCartLoginTests" name="loginWithInvalidCredentialsTest" time="30.055">
    <error message="Error {
  message=&#039;Timeout 30000ms exceeded.
=========================== logs ===========================
waiting for selector &quot;a[title=&#039;My Account&#039;]&quot;
============================================================
  name=&#039;TimeoutError
  stack=&#039;TimeoutError: Timeout 30000ms exceeded.
=========================== logs ===========================
waiting for selector &quot;a[title=&#039;My Account&#039;]&quot;
============================================================
    at ProgressController.run (C:\Users\LPINFO~1\AppData\Local\Temp\playwright-java-15817574390336619850\package\lib\server\progress.js:96:26)
    at Frame.click (C:\Users\LPINFO~1\AppData\Local\Temp\playwright-java-15817574390336619850\package\lib\server\frames.js:1191:23)
    at FrameDispatcher.click (C:\Users\LPINFO~1\AppData\Local\Temp\playwright-java-15817574390336619850\package\lib\server\dispatchers\frameDispatcher.js:173:30)
    at DispatcherConnection.dispatch (C:\Users\LPINFO~1\AppData\Local\Temp\playwright-java-15817574390336619850\package\lib\server\dispatchers\dispatcher.js:401:46)
}" type="com.microsoft.playwright.TimeoutError">
      <![CDATA[com.microsoft.playwright.TimeoutError: Error {
  message='Timeout 30000ms exceeded.
=========================== logs ===========================
waiting for selector "a[title='My Account']"
============================================================
  name='TimeoutError
  stack='TimeoutError: Timeout 30000ms exceeded.
=========================== logs ===========================
waiting for selector "a[title='My Account']"
============================================================
    at ProgressController.run (C:\Users\LPINFO~1\AppData\Local\Temp\playwright-java-15817574390336619850\package\lib\server\progress.js:96:26)
    at Frame.click (C:\Users\LPINFO~1\AppData\Local\Temp\playwright-java-15817574390336619850\package\lib\server\frames.js:1191:23)
    at FrameDispatcher.click (C:\Users\LPINFO~1\AppData\Local\Temp\playwright-java-15817574390336619850\package\lib\server\dispatchers\frameDispatcher.js:173:30)
    at DispatcherConnection.dispatch (C:\Users\LPINFO~1\AppData\Local\Temp\playwright-java-15817574390336619850\package\lib\server\dispatchers\dispatcher.js:401:46)
}
at com.microsoft.playwright.impl.WaitableResult.get(WaitableResult.java:52)
at com.microsoft.playwright.impl.ChannelOwner.runUntil(ChannelOwner.java:111)
at com.microsoft.playwright.impl.Connection.sendMessage(Connection.java:108)
at com.microsoft.playwright.impl.ChannelOwner.sendMessage(ChannelOwner.java:102)
at com.microsoft.playwright.impl.FrameImpl.clickImpl(FrameImpl.java:255)
at com.microsoft.playwright.impl.PageImpl.lambda$click$17(PageImpl.java:626)
at com.microsoft.playwright.impl.LoggingSupport.lambda$withLogging$0(LoggingSupport.java:36)
at com.microsoft.playwright.impl.LoggingSupport.withLogging(LoggingSupport.java:47)
at com.microsoft.playwright.impl.ChannelOwner.withLogging(ChannelOwner.java:87)
at com.microsoft.playwright.impl.LoggingSupport.withLogging(LoggingSupport.java:35)
at com.microsoft.playwright.impl.PageImpl.click(PageImpl.java:625)
at com.microsoft.playwright.Page.click(Page.java:3364)
at pages.HomePage.navigateToLoginPage(HomePage.java:103)
at tests.TS_01_VerifyOpenCartLoginTests.loginWithInvalidCredentialsTest(TS_01_VerifyOpenCartLoginTests.java:49)
at java.base/jdk.internal.reflect.NativeMethodAccessorImpl.invoke0(Native Method)
at java.base/jdk.internal.reflect.NativeMethodAccessorImpl.invoke(NativeMethodAccessorImpl.java:77)
at java.base/jdk.internal.reflect.DelegatingMethodAccessorImpl.invoke(DelegatingMethodAccessorImpl.java:43)
at java.base/java.lang.reflect.Method.invoke(Method.java:568)
at org.testng.internal.invokers.MethodInvocationHelper.invokeMethod(MethodInvocationHelper.java:139)
at org.testng.internal.invokers.TestInvoker.invokeMethod(TestInvoker.java:677)
at org.testng.internal.invokers.TestInvoker.invokeTestMethod(TestInvoker.java:221)
at org.testng.internal.invokers.MethodRunner.runInSequence(MethodRunner.java:50)
at org.testng.internal.invokers.TestInvoker$MethodInvocationAgent.invoke(TestInvoker.java:962)
at org.testng.internal.invokers.TestInvoker.invokeTestMethods(TestInvoker.java:194)
at org.testng.internal.invokers.TestMethodWorker.invokeTestMethods(TestMethodWorker.java:148)
at org.testng.internal.invokers.TestMethodWorker.run(TestMethodWorker.java:128)
at java.base/java.util.ArrayList.forEach(ArrayList.java:1511)
at org.testng.TestRunner.privateRun(TestRunner.java:806)
at org.testng.TestRunner.run(TestRunner.java:601)
at org.testng.SuiteRunner.runTest(SuiteRunner.java:433)
at org.testng.SuiteRunner.runSequentially(SuiteRunner.java:427)
at org.testng.SuiteRunner.privateRun(SuiteRunner.java:387)
at org.testng.SuiteRunner.run(SuiteRunner.java:330)
at org.testng.SuiteRunnerWorker.runSuite(SuiteRunnerWorker.java:52)
at org.testng.SuiteRunnerWorker.run(SuiteRunnerWorker.java:95)
at org.testng.TestNG.runSuitesSequentially(TestNG.java:1256)
at org.testng.TestNG.runSuitesLocally(TestNG.java:1176)
at org.testng.TestNG.runSuites(TestNG.java:1099)
at org.testng.TestNG.run(TestNG.java:1067)
at org.testng.remote.AbstractRemoteTestNG.run(AbstractRemoteTestNG.java:115)
at org.testng.remote.RemoteTestNG.initAndRun(RemoteTestNG.java:251)
at org.testng.remote.RemoteTestNG.main(RemoteTestNG.java:77)
Caused by: com.microsoft.playwright.TimeoutError: Error {
  message='Timeout 30000ms exceeded.
=========================== logs ===========================
waiting for selector "a[title='My Account']"
============================================================
  name='TimeoutError
  stack='TimeoutError: Timeout 30000ms exceeded.
=========================== logs ===========================
waiting for selector "a[title='My Account']"
============================================================
    at ProgressController.run (C:\Users\LPINFO~1\AppData\Local\Temp\playwright-java-15817574390336619850\package\lib\server\progress.js:96:26)
    at Frame.click (C:\Users\LPINFO~1\AppData\Local\Temp\playwright-java-15817574390336619850\package\lib\server\frames.js:1191:23)
    at FrameDispatcher.click (C:\Users\LPINFO~1\AppData\Local\Temp\playwright-java-15817574390336619850\package\lib\server\dispatchers\frameDispatcher.js:173:30)
    at DispatcherConnection.dispatch (C:\Users\LPINFO~1\AppData\Local\Temp\playwright-java-15817574390336619850\package\lib\server\dispatchers\dispatcher.js:401:46)
}
at com.microsoft.playwright.impl.Connection.dispatch(Connection.java:188)
at com.microsoft.playwright.impl.Connection.processOneMessage(Connection.java:170)
at com.microsoft.playwright.impl.ChannelOwner.runUntil(ChannelOwner.java:109)
... 40 more
]]>
    </error>
  </testcase> <!-- loginWithInvalidCredentialsTest -->
  <system-out/>
  <testcase classname="tests.TS_01_VerifyOpenCartLoginTests" name="loginWithValidCredentialsTest" time="7.520">
    <error message="Error {
  message=&#039;Target closed
=========================== logs ===========================
waiting for selector &quot;a[title=&#039;My Account&#039;]&quot;
============================================================
  name=&#039;Error
  stack=&#039;Error: Target closed
=========================== logs ===========================
waiting for selector &quot;a[title=&#039;My Account&#039;]&quot;
============================================================
    at C:\Users\LPINFO~1\AppData\Local\Temp\playwright-java-15817574390336619850\package\lib\server\chromium\crConnection.js:206:16
    at new Promise (&lt;anonymous&gt;)
    at CRSession.send (C:\Users\LPINFO~1\AppData\Local\Temp\playwright-java-15817574390336619850\package\lib\server\chromium\crConnection.js:202:12)
    at CRExecutionContext.evaluateWithArguments (C:\Users\LPINFO~1\AppData\Local\Temp\playwright-java-15817574390336619850\package\lib\server\chromium\crExecutionContext.js:89:28)
    at FrameExecutionContext.evaluateWithArguments (C:\Users\LPINFO~1\AppData\Local\Temp\playwright-java-15817574390336619850\package\lib\server\javascript.js:73:61)
    at evaluateExpression (C:\Users\LPINFO~1\AppData\Local\Temp\playwright-java-15817574390336619850\package\lib\server\javascript.js:264:26)
    at async InjectedScriptPollHandler.finishHandle (C:\Users\LPINFO~1\AppData\Local\Temp\playwright-java-15817574390336619850\package\lib\server\dom.js:1030:22)
    at async RerunnableTask.rerun (C:\Users\LPINFO~1\AppData\Local\Temp\playwright-java-15817574390336619850\package\lib\server\frames.js:1883:73)
}" type="com.microsoft.playwright.PlaywrightException">
      <![CDATA[com.microsoft.playwright.PlaywrightException: Error {
  message='Target closed
=========================== logs ===========================
waiting for selector "a[title='My Account']"
============================================================
  name='Error
  stack='Error: Target closed
=========================== logs ===========================
waiting for selector "a[title='My Account']"
============================================================
    at C:\Users\LPINFO~1\AppData\Local\Temp\playwright-java-15817574390336619850\package\lib\server\chromium\crConnection.js:206:16
    at new Promise (<anonymous>)
    at CRSession.send (C:\Users\LPINFO~1\AppData\Local\Temp\playwright-java-15817574390336619850\package\lib\server\chromium\crConnection.js:202:12)
    at CRExecutionContext.evaluateWithArguments (C:\Users\LPINFO~1\AppData\Local\Temp\playwright-java-15817574390336619850\package\lib\server\chromium\crExecutionContext.js:89:28)
    at FrameExecutionContext.evaluateWithArguments (C:\Users\LPINFO~1\AppData\Local\Temp\playwright-java-15817574390336619850\package\lib\server\javascript.js:73:61)
    at evaluateExpression (C:\Users\LPINFO~1\AppData\Local\Temp\playwright-java-15817574390336619850\package\lib\server\javascript.js:264:26)
    at async InjectedScriptPollHandler.finishHandle (C:\Users\LPINFO~1\AppData\Local\Temp\playwright-java-15817574390336619850\package\lib\server\dom.js:1030:22)
    at async RerunnableTask.rerun (C:\Users\LPINFO~1\AppData\Local\Temp\playwright-java-15817574390336619850\package\lib\server\frames.js:1883:73)
}
at com.microsoft.playwright.impl.WaitableResult.get(WaitableResult.java:54)
at com.microsoft.playwright.impl.ChannelOwner.runUntil(ChannelOwner.java:111)
at com.microsoft.playwright.impl.Connection.sendMessage(Connection.java:108)
at com.microsoft.playwright.impl.ChannelOwner.sendMessage(ChannelOwner.java:102)
at com.microsoft.playwright.impl.FrameImpl.clickImpl(FrameImpl.java:255)
at com.microsoft.playwright.impl.PageImpl.lambda$click$17(PageImpl.java:626)
at com.microsoft.playwright.impl.LoggingSupport.lambda$withLogging$0(LoggingSupport.java:36)
at com.microsoft.playwright.impl.LoggingSupport.withLogging(LoggingSupport.java:47)
at com.microsoft.playwright.impl.ChannelOwner.withLogging(ChannelOwner.java:87)
at com.microsoft.playwright.impl.LoggingSupport.withLogging(LoggingSupport.java:35)
at com.microsoft.playwright.impl.PageImpl.click(PageImpl.java:625)
at com.microsoft.playwright.Page.click(Page.java:3364)
at pages.HomePage.navigateToLoginPage(HomePage.java:103)
at tests.TS_01_VerifyOpenCartLoginTests.loginWithValidCredentialsTest(TS_01_VerifyOpenCartLoginTests.java:34)
at java.base/jdk.internal.reflect.NativeMethodAccessorImpl.invoke0(Native Method)
at java.base/jdk.internal.reflect.NativeMethodAccessorImpl.invoke(NativeMethodAccessorImpl.java:77)
at java.base/jdk.internal.reflect.DelegatingMethodAccessorImpl.invoke(DelegatingMethodAccessorImpl.java:43)
at java.base/java.lang.reflect.Method.invoke(Method.java:568)
at org.testng.internal.invokers.MethodInvocationHelper.invokeMethod(MethodInvocationHelper.java:139)
at org.testng.internal.invokers.TestInvoker.invokeMethod(TestInvoker.java:677)
at org.testng.internal.invokers.TestInvoker.invokeTestMethod(TestInvoker.java:221)
at org.testng.internal.invokers.MethodRunner.runInSequence(MethodRunner.java:50)
at org.testng.internal.invokers.TestInvoker$MethodInvocationAgent.invoke(TestInvoker.java:962)
at org.testng.internal.invokers.TestInvoker.invokeTestMethods(TestInvoker.java:194)
at org.testng.internal.invokers.TestMethodWorker.invokeTestMethods(TestMethodWorker.java:148)
at org.testng.internal.invokers.TestMethodWorker.run(TestMethodWorker.java:128)
at java.base/java.util.ArrayList.forEach(ArrayList.java:1511)
at org.testng.TestRunner.privateRun(TestRunner.java:806)
at org.testng.TestRunner.run(TestRunner.java:601)
at org.testng.SuiteRunner.runTest(SuiteRunner.java:433)
at org.testng.SuiteRunner.runSequentially(SuiteRunner.java:427)
at org.testng.SuiteRunner.privateRun(SuiteRunner.java:387)
at org.testng.SuiteRunner.run(SuiteRunner.java:330)
at org.testng.SuiteRunnerWorker.runSuite(SuiteRunnerWorker.java:52)
at org.testng.SuiteRunnerWorker.run(SuiteRunnerWorker.java:95)
at org.testng.TestNG.runSuitesSequentially(TestNG.java:1256)
at org.testng.TestNG.runSuitesLocally(TestNG.java:1176)
at org.testng.TestNG.runSuites(TestNG.java:1099)
at org.testng.TestNG.run(TestNG.java:1067)
at org.testng.remote.AbstractRemoteTestNG.run(AbstractRemoteTestNG.java:115)
at org.testng.remote.RemoteTestNG.initAndRun(RemoteTestNG.java:251)
at org.testng.remote.RemoteTestNG.main(RemoteTestNG.java:77)
Caused by: com.microsoft.playwright.impl.DriverException: Error {
  message='Target closed
=========================== logs ===========================
waiting for selector "a[title='My Account']"
============================================================
  name='Error
  stack='Error: Target closed
=========================== logs ===========================
waiting for selector "a[title='My Account']"
============================================================
    at C:\Users\LPINFO~1\AppData\Local\Temp\playwright-java-15817574390336619850\package\lib\server\chromium\crConnection.js:206:16
    at new Promise (<anonymous>)
    at CRSession.send (C:\Users\LPINFO~1\AppData\Local\Temp\playwright-java-15817574390336619850\package\lib\server\chromium\crConnection.js:202:12)
    at CRExecutionContext.evaluateWithArguments (C:\Users\LPINFO~1\AppData\Local\Temp\playwright-java-15817574390336619850\package\lib\server\chromium\crExecutionContext.js:89:28)
    at FrameExecutionContext.evaluateWithArguments (C:\Users\LPINFO~1\AppData\Local\Temp\playwright-java-15817574390336619850\package\lib\server\javascript.js:73:61)
    at evaluateExpression (C:\Users\LPINFO~1\AppData\Local\Temp\playwright-java-15817574390336619850\package\lib\server\javascript.js:264:26)
    at async InjectedScriptPollHandler.finishHandle (C:\Users\LPINFO~1\AppData\Local\Temp\playwright-java-15817574390336619850\package\lib\server\dom.js:1030:22)
    at async RerunnableTask.rerun (C:\Users\LPINFO~1\AppData\Local\Temp\playwright-java-15817574390336619850\package\lib\server\frames.js:1883:73)
}
at com.microsoft.playwright.impl.Connection.dispatch(Connection.java:190)
at com.microsoft.playwright.impl.Connection.processOneMessage(Connection.java:170)
at com.microsoft.playwright.impl.ChannelOwner.runUntil(ChannelOwner.java:109)
... 40 more
]]>
    </error>
  </testcase> <!-- loginWithValidCredentialsTest -->
  <system-out/>
</testsuite> <!-- tests.TS_01_VerifyOpenCartLoginTests -->
